<?xml version="1.0" encoding="UTF-8"?>
<!-- Generated by org.testng.reporters.JUnitXMLReporter -->
<testsuite ignored="1" hostname="LAPTOP-7B54J0QD" failures="0" tests="1" name="Test" time="51.092" errors="0" timestamp="2023-10-24T21:28:23 IST">
  <testcase classname="com.vtiger.testcases.TC01_LoginPageTest" name="verifyHomePage" time="35.137"/>
  <testcase classname="com.vtiger.testcases.TC01_LoginPageTest" name="verifyLoginPage" time="0.0">
    <ignored/>
  </testcase> <!-- verifyLoginPage -->
</testsuite> <!-- Test -->
