<?xml version="1.0" encoding="UTF-8"?>
<testng-results ignored="0" total="1" passed="1" failed="0" skipped="0">
  <reporter-output>
  </reporter-output>
  <suite started-at="2023-11-13T13:07:15 IST" name="Default suite" finished-at="2023-11-13T13:07:48 IST" duration-ms="33708">
    <groups>
    </groups>
    <test started-at="2023-11-13T13:07:15 IST" name="Default test" finished-at="2023-11-13T13:07:48 IST" duration-ms="33708">
      <class name="contactTests.CreateContactWithOrgTest">
        <test-method is-config="true" signature="bsConfig()[pri:0, instance:contactTests.CreateContactWithOrgTest@776aec5c]" started-at="2023-11-13T13:07:15 IST" name="bsConfig" finished-at="2023-11-13T13:07:15 IST" duration-ms="10" status="PASS">
          <reporter-output>
          </reporter-output>
        </test-method> <!-- bsConfig -->
        <test-method is-config="true" signature="bcConfig()[pri:0, instance:contactTests.CreateContactWithOrgTest@776aec5c]" started-at="2023-11-13T13:07:15 IST" name="bcConfig" finished-at="2023-11-13T13:07:20 IST" duration-ms="5069" status="PASS">
          <reporter-output>
          </reporter-output>
        </test-method> <!-- bcConfig -->
        <test-method signature="CreateNewContactWithOrgTest()[pri:0, instance:contactTests.CreateContactWithOrgTest@776aec5c]" started-at="2023-11-13T13:07:20 IST" name="CreateNewContactWithOrgTest" finished-at="2023-11-13T13:07:47 IST" duration-ms="27637" status="PASS">
          <reporter-output>
          </reporter-output>
        </test-method> <!-- CreateNewContactWithOrgTest -->
        <test-method is-config="true" signature="acConfig()[pri:0, instance:contactTests.CreateContactWithOrgTest@776aec5c]" started-at="2023-11-13T13:07:47 IST" name="acConfig" finished-at="2023-11-13T13:07:48 IST" duration-ms="965" status="PASS">
          <reporter-output>
          </reporter-output>
        </test-method> <!-- acConfig -->
        <test-method is-config="true" signature="asConfig()[pri:0, instance:contactTests.CreateContactWithOrgTest@776aec5c]" started-at="2023-11-13T13:07:48 IST" name="asConfig" finished-at="2023-11-13T13:07:48 IST" duration-ms="1" status="PASS">
          <reporter-output>
          </reporter-output>
        </test-method> <!-- asConfig -->
      </class> <!-- contactTests.CreateContactWithOrgTest -->
    </test> <!-- Default test -->
  </suite> <!-- Default suite -->
</testng-results>
